# JRE version: Java(TM) SE Runtime Environment (17.0.1+12) (build 17.0.1+12-LTS-39)
# Java VM: Java HotSpot(TM) 64-Bit Server VM (17.0.1+12-LTS-39, mixed mode, sharing, tiered, compressed oops, compressed class ptrs, g1 gc, windows-amd64)
GC Precious Log:
 CPUs: 8 total, 8 available
 Memory: 7834M
 Large Page Support: Disabled
 NUMA Support: Disabled
 Compressed Oops: Enabled (32-bit)
 Heap Region Size: 1M
 Heap Min Capacity: 8M
 Heap Initial Capacity: 124M
 Heap Max Capacity: 1960M
 Pre-touch: Disabled
 Parallel Workers: 8
 Concurrent Workers: 2
 Concurrent Refinement Workers: 8
 Periodic GC: Disabled
Heap:
 garbage-first heap   total 126976K, used 13574K [0x0000000085800000, 0x0000000100000000)
  region size 1024K, 7 young (7168K), 7 survivors (7168K)
 Metaspace       used 21273K, committed 21504K, reserved 1073152K
  class space    used 2705K, committed 2816K, reserved 1048576K
GC Heap History (11 events):
Event: 0.496 GC heap before
{Heap before GC invocations=0 (full 0):
 garbage-first heap   total 126976K, used 23552K [0x0000000085800000, 0x0000000100000000)
  region size 1024K, 23 young (23552K), 0 survivors (0K)
 Metaspace       used 4555K, committed 4672K, reserved 1056768K
  class space    used 513K, committed 576K, reserved 1048576K
}
Event: 0.501 GC heap after
{Heap after GC invocations=1 (full 0):
 garbage-first heap   total 126976K, used 6769K [0x0000000085800000, 0x0000000100000000)
  region size 1024K, 3 young (3072K), 3 survivors (3072K)
 Metaspace       used 4555K, committed 4672K, reserved 1056768K
  class space    used 513K, committed 576K, reserved 1048576K
}
Event: 0.509 GC heap before
{Heap before GC invocations=1 (full 0):
 garbage-first heap   total 126976K, used 35441K [0x0000000085800000, 0x0000000100000000)
  region size 1024K, 32 young (32768K), 3 survivors (3072K)
 Metaspace       used 4555K, committed 4672K, reserved 1056768K
  class space    used 513K, committed 576K, reserved 1048576K
}
Event: 0.512 GC heap after
{Heap after GC invocations=2 (full 0):
 garbage-first heap   total 126976K, used 6896K [0x0000000085800000, 0x0000000100000000)
  region size 1024K, 1 young (1024K), 1 survivors (1024K)
 Metaspace       used 4555K, committed 4672K, reserved 1056768K
  class space    used 513K, committed 576K, reserved 1048576K
}
Event: 0.553 GC heap before
{Heap before GC invocations=2 (full 0):
 garbage-first heap   total 126976K, used 80624K [0x0000000085800000, 0x0000000100000000)
  region size 1024K, 74 young (75776K), 1 survivors (1024K)
 Metaspace       used 4579K, committed 4736K, reserved 1056768K
  class space    used 513K, committed 576K, reserved 1048576K
}
Event: 0.553 GC heap after
{Heap after GC invocations=3 (full 0):
 garbage-first heap   total 126976K, used 7037K [0x0000000085800000, 0x0000000100000000)
  region size 1024K, 1 young (1024K), 1 survivors (1024K)
 Metaspace       used 4579K, committed 4736K, reserved 1056768K
  class space    used 513K, committed 576K, reserved 1048576K
}
Event: 1.314 GC heap before
{Heap before GC invocations=3 (full 0):
 garbage-first heap   total 126976K, used 80765K [0x0000000085800000, 0x0000000100000000)
  region size 1024K, 74 young (75776K), 1 survivors (1024K)
 Metaspace       used 17313K, committed 17536K, reserved 1064960K
  class space    used 2193K, committed 2304K, reserved 1048576K
}
Event: 1.318 GC heap after
{Heap after GC invocations=4 (full 0):
 garbage-first heap   total 126976K, used 11632K [0x0000000085800000, 0x0000000100000000)
  region size 1024K, 5 young (5120K), 5 survivors (5120K)
 Metaspace       used 17313K, committed 17536K, reserved 1064960K
  class space    used 2193K, committed 2304K, reserved 1048576K
}
Event: 1.326 GC heap before
{Heap before GC invocations=4 (full 0):
 garbage-first heap   total 126976K, used 81264K [0x0000000085800000, 0x0000000100000000)
  region size 1024K, 74 young (75776K), 5 survivors (5120K)
 Metaspace       used 17392K, committed 17664K, reserved 1064960K
  class space    used 2203K, committed 2304K, reserved 1048576K
}
Event: 1.328 GC heap after
{Heap after GC invocations=5 (full 0):
 garbage-first heap   total 126976K, used 11893K [0x0000000085800000, 0x0000000100000000)
  region size 1024K, 5 young (5120K), 5 survivors (5120K)
 Metaspace       used 17392K, committed 17664K, reserved 1064960K
  class space    used 2203K, committed 2304K, reserved 1048576K
}
Event: 1.756 GC heap before
{Heap before GC invocations=5 (full 0):
 garbage-first heap   total 126976K, used 55925K [0x0000000085800000, 0x0000000100000000)
  region size 1024K, 50 young (51200K), 5 survivors (5120K)
 Metaspace       used 21273K, committed 21504K, reserved 1073152K
  class space    used 2705K, committed 2816K, reserved 1048576K
}

